[2022-08-26 13:21:42,682]   INFO -    org.jetbrains.analysis.Main:42 - Generating final reports...
[2022-08-26 13:21:42,686]   INFO -               internal.message:43 - Code Inspection version: 0.10.70
[2022-08-26 13:21:42,807]  TRACE - ains.analysis.core.TagsHandler:31 - Problem was occurred till read targets tags from file: /data/results/targets.json
[2022-08-26 13:21:42,810]  TRACE - ore.CodeInspectionMOReaderImpl:153 - Problem was occurred till read Problem file /data/results/log/code-inspection.log: Expected BEGIN_OBJECT but was BEGIN_ARRAY at line 1 column 2 path $
[2022-08-26 13:21:42,822]  TRACE - ore.CodeInspectionMOReaderImpl:153 - Problem was occurred till read Problem file /data/results/log/effective.profile.xml: Use JsonReader.setLenient(true) to accept malformed JSON at line 1 column 1 path $
[2022-08-26 13:21:42,827]  TRACE - ore.CodeInspectionMOReaderImpl:153 - Problem was occurred till read Problem file /data/results/log/gc.log: Expected BEGIN_OBJECT but was BEGIN_ARRAY at line 1 column 2 path $
[2022-08-26 13:21:42,832]  TRACE - ore.CodeInspectionMOReaderImpl:153 - Problem was occurred till read Problem file /data/results/log/gc.log.0: Expected BEGIN_OBJECT but was BEGIN_ARRAY at line 1 column 2 path $
[2022-08-26 13:21:42,834]  TRACE - ore.CodeInspectionMOReaderImpl:153 - Problem was occurred till read Problem file /data/results/log/gc.log.1: Expected BEGIN_OBJECT but was BEGIN_ARRAY at line 1 column 2 path $
[2022-08-26 13:21:42,837]  TRACE - ore.CodeInspectionMOReaderImpl:153 - Problem was occurred till read Problem file /data/results/log/gc.log.2: Expected BEGIN_OBJECT but was BEGIN_ARRAY at line 1 column 2 path $
[2022-08-26 13:21:42,839]  TRACE - ore.CodeInspectionMOReaderImpl:153 - Problem was occurred till read Problem file /data/results/log/gc.log.3: Expected BEGIN_OBJECT but was BEGIN_ARRAY at line 1 column 2 path $
[2022-08-26 13:21:42,842]  TRACE - ore.CodeInspectionMOReaderImpl:153 - Problem was occurred till read Problem file /data/results/log/gc.log.4: Expected BEGIN_OBJECT but was BEGIN_ARRAY at line 1 column 2 path $
[2022-08-26 13:21:42,845]  TRACE - ore.CodeInspectionMOReaderImpl:153 - Problem was occurred till read Problem file /data/results/log/gradle-import.log: Use JsonReader.setLenient(true) to accept malformed JSON at line 1 column 1 path $
[2022-08-26 13:21:42,848]  TRACE - ore.CodeInspectionMOReaderImpl:153 - Problem was occurred till read Problem file /data/results/log/idea.log: Use JsonReader.setLenient(true) to accept malformed JSON at line 1 column 1 path $
[2022-08-26 13:21:42,850]  TRACE - ore.CodeInspectionMOReaderImpl:153 - Problem was occurred till read Problem file /data/results/log/indexing-diagnostic/project.15375f63/changed-files-pushing-events.json: Expected BEGIN_ARRAY but was STRING at line 1 column 12 path $.reason
[2022-08-26 13:21:42,853]  TRACE - ore.CodeInspectionMOReaderImpl:175 - Problem was occurred till read targets Problem file /data/results/log/indexing-diagnostic/project.15375f63/changed-files-pushing-events.json: Failed call validation for DescriptionProblemClass
[2022-08-26 13:21:42,855]  TRACE - ore.CodeInspectionMOReaderImpl:202 - Problem was occurred till read Duplicate file /data/results/log/indexing-diagnostic/project.15375f63/changed-files-pushing-events.json: Expected BEGIN_ARRAY but was STRING at line 1 column 12 path $.reason
[2022-08-26 13:21:42,856]  TRACE - ore.CodeInspectionMOReaderImpl:226 - Problem was occurred till read Taint file /data/results/log/indexing-diagnostic/project.15375f63/changed-files-pushing-events.json: Expected BEGIN_ARRAY but was STRING at line 1 column 12 path $.reason
[2022-08-26 13:21:42,858]  TRACE - ore.CodeInspectionMOReaderImpl:153 - Problem was occurred till read Problem file /data/results/log/indexing-diagnostic/project.15375f63/diagnostic-2022-08-26-12-38-15.332.html: Use JsonReader.setLenient(true) to accept malformed JSON at line 1 column 1 path $
[2022-08-26 13:21:42,863]  TRACE - ore.CodeInspectionMOReaderImpl:153 - Problem was occurred till read Problem file /data/results/log/indexing-diagnostic/project.15375f63/diagnostic-2022-08-26-12-38-15.332.json: Expected BEGIN_ARRAY but was BEGIN_OBJECT at line 2 column 16 path $.appInfo
[2022-08-26 13:21:42,865]  TRACE - ore.CodeInspectionMOReaderImpl:175 - Problem was occurred till read targets Problem file /data/results/log/indexing-diagnostic/project.15375f63/diagnostic-2022-08-26-12-38-15.332.json: Failed call validation for DescriptionProblemClass
[2022-08-26 13:21:42,867]  TRACE - ore.CodeInspectionMOReaderImpl:202 - Problem was occurred till read Duplicate file /data/results/log/indexing-diagnostic/project.15375f63/diagnostic-2022-08-26-12-38-15.332.json: Expected BEGIN_ARRAY but was BEGIN_OBJECT at line 2 column 16 path $.appInfo
[2022-08-26 13:21:42,868]  TRACE - ore.CodeInspectionMOReaderImpl:226 - Problem was occurred till read Taint file /data/results/log/indexing-diagnostic/project.15375f63/diagnostic-2022-08-26-12-38-15.332.json: Expected BEGIN_ARRAY but was BEGIN_OBJECT at line 2 column 16 path $.appInfo
[2022-08-26 13:21:42,870]  TRACE - ore.CodeInspectionMOReaderImpl:153 - Problem was occurred till read Problem file /data/results/log/indexing-diagnostic/project.15375f63/diagnostic-2022-08-26-12-39-27.543.html: Use JsonReader.setLenient(true) to accept malformed JSON at line 1 column 1 path $
[2022-08-26 13:21:42,872]  TRACE - ore.CodeInspectionMOReaderImpl:153 - Problem was occurred till read Problem file /data/results/log/indexing-diagnostic/project.15375f63/diagnostic-2022-08-26-12-39-27.543.json: Expected BEGIN_ARRAY but was BEGIN_OBJECT at line 2 column 16 path $.appInfo
[2022-08-26 13:21:42,875]  TRACE - ore.CodeInspectionMOReaderImpl:175 - Problem was occurred till read targets Problem file /data/results/log/indexing-diagnostic/project.15375f63/diagnostic-2022-08-26-12-39-27.543.json: Failed call validation for DescriptionProblemClass
[2022-08-26 13:21:42,876]  TRACE - ore.CodeInspectionMOReaderImpl:202 - Problem was occurred till read Duplicate file /data/results/log/indexing-diagnostic/project.15375f63/diagnostic-2022-08-26-12-39-27.543.json: Expected BEGIN_ARRAY but was BEGIN_OBJECT at line 2 column 16 path $.appInfo
[2022-08-26 13:21:42,878]  TRACE - ore.CodeInspectionMOReaderImpl:226 - Problem was occurred till read Taint file /data/results/log/indexing-diagnostic/project.15375f63/diagnostic-2022-08-26-12-39-27.543.json: Expected BEGIN_ARRAY but was BEGIN_OBJECT at line 2 column 16 path $.appInfo
[2022-08-26 13:21:42,880]  TRACE - ore.CodeInspectionMOReaderImpl:153 - Problem was occurred till read Problem file /data/results/log/indexing-diagnostic/project.15375f63/diagnostic-2022-08-26-12-41-21.932.html: Use JsonReader.setLenient(true) to accept malformed JSON at line 1 column 1 path $
[2022-08-26 13:21:42,883]  TRACE - ore.CodeInspectionMOReaderImpl:153 - Problem was occurred till read Problem file /data/results/log/indexing-diagnostic/project.15375f63/diagnostic-2022-08-26-12-41-21.932.json: Expected BEGIN_ARRAY but was BEGIN_OBJECT at line 2 column 16 path $.appInfo
[2022-08-26 13:21:42,885]  TRACE - ore.CodeInspectionMOReaderImpl:175 - Problem was occurred till read targets Problem file /data/results/log/indexing-diagnostic/project.15375f63/diagnostic-2022-08-26-12-41-21.932.json: Failed call validation for DescriptionProblemClass
[2022-08-26 13:21:42,887]  TRACE - ore.CodeInspectionMOReaderImpl:202 - Problem was occurred till read Duplicate file /data/results/log/indexing-diagnostic/project.15375f63/diagnostic-2022-08-26-12-41-21.932.json: Expected BEGIN_ARRAY but was BEGIN_OBJECT at line 2 column 16 path $.appInfo
[2022-08-26 13:21:42,888]  TRACE - ore.CodeInspectionMOReaderImpl:226 - Problem was occurred till read Taint file /data/results/log/indexing-diagnostic/project.15375f63/diagnostic-2022-08-26-12-41-21.932.json: Expected BEGIN_ARRAY but was BEGIN_OBJECT at line 2 column 16 path $.appInfo
[2022-08-26 13:21:42,889]  TRACE - ore.CodeInspectionMOReaderImpl:153 - Problem was occurred till read Problem file /data/results/log/indexing-diagnostic/project.15375f63/diagnostic-2022-08-26-12-42-42.773.html: Use JsonReader.setLenient(true) to accept malformed JSON at line 1 column 1 path $
[2022-08-26 13:21:42,891]  TRACE - ore.CodeInspectionMOReaderImpl:153 - Problem was occurred till read Problem file /data/results/log/indexing-diagnostic/project.15375f63/diagnostic-2022-08-26-12-42-42.773.json: Expected BEGIN_ARRAY but was BEGIN_OBJECT at line 2 column 16 path $.appInfo
[2022-08-26 13:21:42,893]  TRACE - ore.CodeInspectionMOReaderImpl:175 - Problem was occurred till read targets Problem file /data/results/log/indexing-diagnostic/project.15375f63/diagnostic-2022-08-26-12-42-42.773.json: Failed call validation for DescriptionProblemClass
[2022-08-26 13:21:42,894]  TRACE - ore.CodeInspectionMOReaderImpl:202 - Problem was occurred till read Duplicate file /data/results/log/indexing-diagnostic/project.15375f63/diagnostic-2022-08-26-12-42-42.773.json: Expected BEGIN_ARRAY but was BEGIN_OBJECT at line 2 column 16 path $.appInfo
[2022-08-26 13:21:42,896]  TRACE - ore.CodeInspectionMOReaderImpl:226 - Problem was occurred till read Taint file /data/results/log/indexing-diagnostic/project.15375f63/diagnostic-2022-08-26-12-42-42.773.json: Expected BEGIN_ARRAY but was BEGIN_OBJECT at line 2 column 16 path $.appInfo
[2022-08-26 13:21:42,897]  TRACE - ore.CodeInspectionMOReaderImpl:153 - Problem was occurred till read Problem file /data/results/log/indexing-diagnostic/project.15375f63/diagnostic-2022-08-26-12-42-48.135.html: Use JsonReader.setLenient(true) to accept malformed JSON at line 1 column 1 path $
[2022-08-26 13:21:42,899]  TRACE - ore.CodeInspectionMOReaderImpl:153 - Problem was occurred till read Problem file /data/results/log/indexing-diagnostic/project.15375f63/diagnostic-2022-08-26-12-42-48.135.json: Expected BEGIN_ARRAY but was BEGIN_OBJECT at line 2 column 16 path $.appInfo
[2022-08-26 13:21:42,900]  TRACE - ore.CodeInspectionMOReaderImpl:175 - Problem was occurred till read targets Problem file /data/results/log/indexing-diagnostic/project.15375f63/diagnostic-2022-08-26-12-42-48.135.json: Failed call validation for DescriptionProblemClass
[2022-08-26 13:21:42,902]  TRACE - ore.CodeInspectionMOReaderImpl:202 - Problem was occurred till read Duplicate file /data/results/log/indexing-diagnostic/project.15375f63/diagnostic-2022-08-26-12-42-48.135.json: Expected BEGIN_ARRAY but was BEGIN_OBJECT at line 2 column 16 path $.appInfo
[2022-08-26 13:21:42,903]  TRACE - ore.CodeInspectionMOReaderImpl:226 - Problem was occurred till read Taint file /data/results/log/indexing-diagnostic/project.15375f63/diagnostic-2022-08-26-12-42-48.135.json: Expected BEGIN_ARRAY but was BEGIN_OBJECT at line 2 column 16 path $.appInfo
[2022-08-26 13:21:42,904]  TRACE - ore.CodeInspectionMOReaderImpl:153 - Problem was occurred till read Problem file /data/results/log/indexing-diagnostic/project.15375f63/diagnostic-2022-08-26-12-42-50.736.html: Use JsonReader.setLenient(true) to accept malformed JSON at line 1 column 1 path $
[2022-08-26 13:21:42,906]  TRACE - ore.CodeInspectionMOReaderImpl:153 - Problem was occurred till read Problem file /data/results/log/indexing-diagnostic/project.15375f63/diagnostic-2022-08-26-12-42-50.736.json: Expected BEGIN_ARRAY but was BEGIN_OBJECT at line 2 column 16 path $.appInfo
[2022-08-26 13:21:42,907]  TRACE - ore.CodeInspectionMOReaderImpl:175 - Problem was occurred till read targets Problem file /data/results/log/indexing-diagnostic/project.15375f63/diagnostic-2022-08-26-12-42-50.736.json: Failed call validation for DescriptionProblemClass
[2022-08-26 13:21:42,909]  TRACE - ore.CodeInspectionMOReaderImpl:202 - Problem was occurred till read Duplicate file /data/results/log/indexing-diagnostic/project.15375f63/diagnostic-2022-08-26-12-42-50.736.json: Expected BEGIN_ARRAY but was BEGIN_OBJECT at line 2 column 16 path $.appInfo
[2022-08-26 13:21:42,910]  TRACE - ore.CodeInspectionMOReaderImpl:226 - Problem was occurred till read Taint file /data/results/log/indexing-diagnostic/project.15375f63/diagnostic-2022-08-26-12-42-50.736.json: Expected BEGIN_ARRAY but was BEGIN_OBJECT at line 2 column 16 path $.appInfo
[2022-08-26 13:21:42,911]  TRACE - ore.CodeInspectionMOReaderImpl:153 - Problem was occurred till read Problem file /data/results/log/indexing-diagnostic/project.15375f63/diagnostic-2022-08-26-12-44-58.868.html: Use JsonReader.setLenient(true) to accept malformed JSON at line 1 column 1 path $
[2022-08-26 13:21:42,913]  TRACE - ore.CodeInspectionMOReaderImpl:153 - Problem was occurred till read Problem file /data/results/log/indexing-diagnostic/project.15375f63/diagnostic-2022-08-26-12-44-58.868.json: Expected BEGIN_ARRAY but was BEGIN_OBJECT at line 2 column 16 path $.appInfo
[2022-08-26 13:21:42,915]  TRACE - ore.CodeInspectionMOReaderImpl:175 - Problem was occurred till read targets Problem file /data/results/log/indexing-diagnostic/project.15375f63/diagnostic-2022-08-26-12-44-58.868.json: Failed call validation for DescriptionProblemClass
[2022-08-26 13:21:42,916]  TRACE - ore.CodeInspectionMOReaderImpl:202 - Problem was occurred till read Duplicate file /data/results/log/indexing-diagnostic/project.15375f63/diagnostic-2022-08-26-12-44-58.868.json: Expected BEGIN_ARRAY but was BEGIN_OBJECT at line 2 column 16 path $.appInfo
[2022-08-26 13:21:42,917]  TRACE - ore.CodeInspectionMOReaderImpl:226 - Problem was occurred till read Taint file /data/results/log/indexing-diagnostic/project.15375f63/diagnostic-2022-08-26-12-44-58.868.json: Expected BEGIN_ARRAY but was BEGIN_OBJECT at line 2 column 16 path $.appInfo
[2022-08-26 13:21:42,918]  TRACE - ore.CodeInspectionMOReaderImpl:153 - Problem was occurred till read Problem file /data/results/log/indexing-diagnostic/project.15375f63/diagnostic-2022-08-26-12-48-02.695.html: Use JsonReader.setLenient(true) to accept malformed JSON at line 1 column 1 path $
[2022-08-26 13:21:42,920]  TRACE - ore.CodeInspectionMOReaderImpl:153 - Problem was occurred till read Problem file /data/results/log/indexing-diagnostic/project.15375f63/diagnostic-2022-08-26-12-48-02.695.json: Expected BEGIN_ARRAY but was BEGIN_OBJECT at line 2 column 16 path $.appInfo
[2022-08-26 13:21:42,922]  TRACE - ore.CodeInspectionMOReaderImpl:175 - Problem was occurred till read targets Problem file /data/results/log/indexing-diagnostic/project.15375f63/diagnostic-2022-08-26-12-48-02.695.json: Failed call validation for DescriptionProblemClass
[2022-08-26 13:21:42,923]  TRACE - ore.CodeInspectionMOReaderImpl:202 - Problem was occurred till read Duplicate file /data/results/log/indexing-diagnostic/project.15375f63/diagnostic-2022-08-26-12-48-02.695.json: Expected BEGIN_ARRAY but was BEGIN_OBJECT at line 2 column 16 path $.appInfo
[2022-08-26 13:21:42,925]  TRACE - ore.CodeInspectionMOReaderImpl:226 - Problem was occurred till read Taint file /data/results/log/indexing-diagnostic/project.15375f63/diagnostic-2022-08-26-12-48-02.695.json: Expected BEGIN_ARRAY but was BEGIN_OBJECT at line 2 column 16 path $.appInfo
[2022-08-26 13:21:42,926]  TRACE - ore.CodeInspectionMOReaderImpl:153 - Problem was occurred till read Problem file /data/results/log/indexing-diagnostic/project.15375f63/diagnostic-2022-08-26-12-48-43.711.html: Use JsonReader.setLenient(true) to accept malformed JSON at line 1 column 1 path $
[2022-08-26 13:21:42,928]  TRACE - ore.CodeInspectionMOReaderImpl:153 - Problem was occurred till read Problem file /data/results/log/indexing-diagnostic/project.15375f63/diagnostic-2022-08-26-12-48-43.711.json: Expected BEGIN_ARRAY but was BEGIN_OBJECT at line 2 column 16 path $.appInfo
[2022-08-26 13:21:42,930]  TRACE - ore.CodeInspectionMOReaderImpl:175 - Problem was occurred till read targets Problem file /data/results/log/indexing-diagnostic/project.15375f63/diagnostic-2022-08-26-12-48-43.711.json: Failed call validation for DescriptionProblemClass
[2022-08-26 13:21:42,932]  TRACE - ore.CodeInspectionMOReaderImpl:202 - Problem was occurred till read Duplicate file /data/results/log/indexing-diagnostic/project.15375f63/diagnostic-2022-08-26-12-48-43.711.json: Expected BEGIN_ARRAY but was BEGIN_OBJECT at line 2 column 16 path $.appInfo
[2022-08-26 13:21:42,933]  TRACE - ore.CodeInspectionMOReaderImpl:226 - Problem was occurred till read Taint file /data/results/log/indexing-diagnostic/project.15375f63/diagnostic-2022-08-26-12-48-43.711.json: Expected BEGIN_ARRAY but was BEGIN_OBJECT at line 2 column 16 path $.appInfo
[2022-08-26 13:21:42,935]  TRACE - ore.CodeInspectionMOReaderImpl:153 - Problem was occurred till read Problem file /data/results/log/indexing-diagnostic/project.15375f63/diagnostic-2022-08-26-12-52-22.951.html: Use JsonReader.setLenient(true) to accept malformed JSON at line 1 column 1 path $
[2022-08-26 13:21:42,938]  TRACE - ore.CodeInspectionMOReaderImpl:153 - Problem was occurred till read Problem file /data/results/log/indexing-diagnostic/project.15375f63/diagnostic-2022-08-26-12-52-22.951.json: Expected BEGIN_ARRAY but was BEGIN_OBJECT at line 2 column 16 path $.appInfo
[2022-08-26 13:21:42,939]  TRACE - ore.CodeInspectionMOReaderImpl:175 - Problem was occurred till read targets Problem file /data/results/log/indexing-diagnostic/project.15375f63/diagnostic-2022-08-26-12-52-22.951.json: Failed call validation for DescriptionProblemClass
[2022-08-26 13:21:42,940]  TRACE - ore.CodeInspectionMOReaderImpl:202 - Problem was occurred till read Duplicate file /data/results/log/indexing-diagnostic/project.15375f63/diagnostic-2022-08-26-12-52-22.951.json: Expected BEGIN_ARRAY but was BEGIN_OBJECT at line 2 column 16 path $.appInfo
[2022-08-26 13:21:42,942]  TRACE - ore.CodeInspectionMOReaderImpl:226 - Problem was occurred till read Taint file /data/results/log/indexing-diagnostic/project.15375f63/diagnostic-2022-08-26-12-52-22.951.json: Expected BEGIN_ARRAY but was BEGIN_OBJECT at line 2 column 16 path $.appInfo
[2022-08-26 13:21:42,943]  TRACE - ore.CodeInspectionMOReaderImpl:153 - Problem was occurred till read Problem file /data/results/log/indexing-diagnostic/project.15375f63/diagnostic-2022-08-26-12-52-31.291.html: Use JsonReader.setLenient(true) to accept malformed JSON at line 1 column 1 path $
[2022-08-26 13:21:42,945]  TRACE - ore.CodeInspectionMOReaderImpl:153 - Problem was occurred till read Problem file /data/results/log/indexing-diagnostic/project.15375f63/diagnostic-2022-08-26-12-52-31.291.json: Expected BEGIN_ARRAY but was BEGIN_OBJECT at line 2 column 16 path $.appInfo
[2022-08-26 13:21:42,947]  TRACE - ore.CodeInspectionMOReaderImpl:175 - Problem was occurred till read targets Problem file /data/results/log/indexing-diagnostic/project.15375f63/diagnostic-2022-08-26-12-52-31.291.json: Failed call validation for DescriptionProblemClass
[2022-08-26 13:21:42,948]  TRACE - ore.CodeInspectionMOReaderImpl:202 - Problem was occurred till read Duplicate file /data/results/log/indexing-diagnostic/project.15375f63/diagnostic-2022-08-26-12-52-31.291.json: Expected BEGIN_ARRAY but was BEGIN_OBJECT at line 2 column 16 path $.appInfo
[2022-08-26 13:21:42,950]  TRACE - ore.CodeInspectionMOReaderImpl:226 - Problem was occurred till read Taint file /data/results/log/indexing-diagnostic/project.15375f63/diagnostic-2022-08-26-12-52-31.291.json: Expected BEGIN_ARRAY but was BEGIN_OBJECT at line 2 column 16 path $.appInfo
[2022-08-26 13:21:42,951]  TRACE - ore.CodeInspectionMOReaderImpl:153 - Problem was occurred till read Problem file /data/results/log/indexing-diagnostic/project.15375f63/diagnostic-2022-08-26-12-52-34.116.html: Use JsonReader.setLenient(true) to accept malformed JSON at line 1 column 1 path $
[2022-08-26 13:21:42,953]  TRACE - ore.CodeInspectionMOReaderImpl:153 - Problem was occurred till read Problem file /data/results/log/indexing-diagnostic/project.15375f63/diagnostic-2022-08-26-12-52-34.116.json: Expected BEGIN_ARRAY but was BEGIN_OBJECT at line 2 column 16 path $.appInfo
[2022-08-26 13:21:42,954]  TRACE - ore.CodeInspectionMOReaderImpl:175 - Problem was occurred till read targets Problem file /data/results/log/indexing-diagnostic/project.15375f63/diagnostic-2022-08-26-12-52-34.116.json: Failed call validation for DescriptionProblemClass
[2022-08-26 13:21:42,955]  TRACE - ore.CodeInspectionMOReaderImpl:202 - Problem was occurred till read Duplicate file /data/results/log/indexing-diagnostic/project.15375f63/diagnostic-2022-08-26-12-52-34.116.json: Expected BEGIN_ARRAY but was BEGIN_OBJECT at line 2 column 16 path $.appInfo
[2022-08-26 13:21:42,956]  TRACE - ore.CodeInspectionMOReaderImpl:226 - Problem was occurred till read Taint file /data/results/log/indexing-diagnostic/project.15375f63/diagnostic-2022-08-26-12-52-34.116.json: Expected BEGIN_ARRAY but was BEGIN_OBJECT at line 2 column 16 path $.appInfo
[2022-08-26 13:21:42,958]  TRACE - ore.CodeInspectionMOReaderImpl:153 - Problem was occurred till read Problem file /data/results/log/indexing-diagnostic/project.15375f63/diagnostic-2022-08-26-12-57-43.271.html: Use JsonReader.setLenient(true) to accept malformed JSON at line 1 column 1 path $
[2022-08-26 13:21:42,960]  TRACE - ore.CodeInspectionMOReaderImpl:153 - Problem was occurred till read Problem file /data/results/log/indexing-diagnostic/project.15375f63/diagnostic-2022-08-26-12-57-43.271.json: Expected BEGIN_ARRAY but was BEGIN_OBJECT at line 2 column 16 path $.appInfo
[2022-08-26 13:21:42,962]  TRACE - ore.CodeInspectionMOReaderImpl:175 - Problem was occurred till read targets Problem file /data/results/log/indexing-diagnostic/project.15375f63/diagnostic-2022-08-26-12-57-43.271.json: Failed call validation for DescriptionProblemClass
[2022-08-26 13:21:42,964]  TRACE - ore.CodeInspectionMOReaderImpl:202 - Problem was occurred till read Duplicate file /data/results/log/indexing-diagnostic/project.15375f63/diagnostic-2022-08-26-12-57-43.271.json: Expected BEGIN_ARRAY but was BEGIN_OBJECT at line 2 column 16 path $.appInfo
[2022-08-26 13:21:42,965]  TRACE - ore.CodeInspectionMOReaderImpl:226 - Problem was occurred till read Taint file /data/results/log/indexing-diagnostic/project.15375f63/diagnostic-2022-08-26-12-57-43.271.json: Expected BEGIN_ARRAY but was BEGIN_OBJECT at line 2 column 16 path $.appInfo
[2022-08-26 13:21:42,966]  TRACE - ore.CodeInspectionMOReaderImpl:153 - Problem was occurred till read Problem file /data/results/log/indexing-diagnostic/project.15375f63/diagnostic-2022-08-26-13-00-36.912.html: Use JsonReader.setLenient(true) to accept malformed JSON at line 1 column 1 path $
[2022-08-26 13:21:42,968]  TRACE - ore.CodeInspectionMOReaderImpl:153 - Problem was occurred till read Problem file /data/results/log/indexing-diagnostic/project.15375f63/diagnostic-2022-08-26-13-00-36.912.json: Expected BEGIN_ARRAY but was BEGIN_OBJECT at line 2 column 16 path $.appInfo
[2022-08-26 13:21:42,970]  TRACE - ore.CodeInspectionMOReaderImpl:175 - Problem was occurred till read targets Problem file /data/results/log/indexing-diagnostic/project.15375f63/diagnostic-2022-08-26-13-00-36.912.json: Failed call validation for DescriptionProblemClass
[2022-08-26 13:21:42,972]  TRACE - ore.CodeInspectionMOReaderImpl:202 - Problem was occurred till read Duplicate file /data/results/log/indexing-diagnostic/project.15375f63/diagnostic-2022-08-26-13-00-36.912.json: Expected BEGIN_ARRAY but was BEGIN_OBJECT at line 2 column 16 path $.appInfo
[2022-08-26 13:21:42,974]  TRACE - ore.CodeInspectionMOReaderImpl:226 - Problem was occurred till read Taint file /data/results/log/indexing-diagnostic/project.15375f63/diagnostic-2022-08-26-13-00-36.912.json: Expected BEGIN_ARRAY but was BEGIN_OBJECT at line 2 column 16 path $.appInfo
[2022-08-26 13:21:42,975]  TRACE - ore.CodeInspectionMOReaderImpl:153 - Problem was occurred till read Problem file /data/results/log/indexing-diagnostic/project.15375f63/diagnostic-2022-08-26-13-00-42.472.html: Use JsonReader.setLenient(true) to accept malformed JSON at line 1 column 1 path $
[2022-08-26 13:21:42,977]  TRACE - ore.CodeInspectionMOReaderImpl:153 - Problem was occurred till read Problem file /data/results/log/indexing-diagnostic/project.15375f63/diagnostic-2022-08-26-13-00-42.472.json: Expected BEGIN_ARRAY but was BEGIN_OBJECT at line 2 column 16 path $.appInfo
[2022-08-26 13:21:42,979]  TRACE - ore.CodeInspectionMOReaderImpl:175 - Problem was occurred till read targets Problem file /data/results/log/indexing-diagnostic/project.15375f63/diagnostic-2022-08-26-13-00-42.472.json: Failed call validation for DescriptionProblemClass
[2022-08-26 13:21:42,981]  TRACE - ore.CodeInspectionMOReaderImpl:202 - Problem was occurred till read Duplicate file /data/results/log/indexing-diagnostic/project.15375f63/diagnostic-2022-08-26-13-00-42.472.json: Expected BEGIN_ARRAY but was BEGIN_OBJECT at line 2 column 16 path $.appInfo
[2022-08-26 13:21:42,983]  TRACE - ore.CodeInspectionMOReaderImpl:226 - Problem was occurred till read Taint file /data/results/log/indexing-diagnostic/project.15375f63/diagnostic-2022-08-26-13-00-42.472.json: Expected BEGIN_ARRAY but was BEGIN_OBJECT at line 2 column 16 path $.appInfo
[2022-08-26 13:21:42,985]  TRACE - ore.CodeInspectionMOReaderImpl:153 - Problem was occurred till read Problem file /data/results/log/indexing-diagnostic/project.15375f63/diagnostic-2022-08-26-13-00-45.332.html: Use JsonReader.setLenient(true) to accept malformed JSON at line 1 column 1 path $
[2022-08-26 13:21:42,988]  TRACE - ore.CodeInspectionMOReaderImpl:153 - Problem was occurred till read Problem file /data/results/log/indexing-diagnostic/project.15375f63/diagnostic-2022-08-26-13-00-45.332.json: Expected BEGIN_ARRAY but was BEGIN_OBJECT at line 2 column 16 path $.appInfo
[2022-08-26 13:21:42,990]  TRACE - ore.CodeInspectionMOReaderImpl:175 - Problem was occurred till read targets Problem file /data/results/log/indexing-diagnostic/project.15375f63/diagnostic-2022-08-26-13-00-45.332.json: Failed call validation for DescriptionProblemClass
[2022-08-26 13:21:42,992]  TRACE - ore.CodeInspectionMOReaderImpl:202 - Problem was occurred till read Duplicate file /data/results/log/indexing-diagnostic/project.15375f63/diagnostic-2022-08-26-13-00-45.332.json: Expected BEGIN_ARRAY but was BEGIN_OBJECT at line 2 column 16 path $.appInfo
[2022-08-26 13:21:42,995]  TRACE - ore.CodeInspectionMOReaderImpl:226 - Problem was occurred till read Taint file /data/results/log/indexing-diagnostic/project.15375f63/diagnostic-2022-08-26-13-00-45.332.json: Expected BEGIN_ARRAY but was BEGIN_OBJECT at line 2 column 16 path $.appInfo
[2022-08-26 13:21:42,997]  TRACE - ore.CodeInspectionMOReaderImpl:153 - Problem was occurred till read Problem file /data/results/log/indexing-diagnostic/project.15375f63/diagnostic-2022-08-26-13-08-29.876.html: Use JsonReader.setLenient(true) to accept malformed JSON at line 1 column 1 path $
[2022-08-26 13:21:43,001]  TRACE - ore.CodeInspectionMOReaderImpl:153 - Problem was occurred till read Problem file /data/results/log/indexing-diagnostic/project.15375f63/diagnostic-2022-08-26-13-08-29.876.json: Expected BEGIN_ARRAY but was BEGIN_OBJECT at line 2 column 16 path $.appInfo
[2022-08-26 13:21:43,004]  TRACE - ore.CodeInspectionMOReaderImpl:175 - Problem was occurred till read targets Problem file /data/results/log/indexing-diagnostic/project.15375f63/diagnostic-2022-08-26-13-08-29.876.json: Failed call validation for DescriptionProblemClass
[2022-08-26 13:21:43,006]  TRACE - ore.CodeInspectionMOReaderImpl:202 - Problem was occurred till read Duplicate file /data/results/log/indexing-diagnostic/project.15375f63/diagnostic-2022-08-26-13-08-29.876.json: Expected BEGIN_ARRAY but was BEGIN_OBJECT at line 2 column 16 path $.appInfo
[2022-08-26 13:21:43,008]  TRACE - ore.CodeInspectionMOReaderImpl:226 - Problem was occurred till read Taint file /data/results/log/indexing-diagnostic/project.15375f63/diagnostic-2022-08-26-13-08-29.876.json: Expected BEGIN_ARRAY but was BEGIN_OBJECT at line 2 column 16 path $.appInfo
[2022-08-26 13:21:43,010]  TRACE - ore.CodeInspectionMOReaderImpl:153 - Problem was occurred till read Problem file /data/results/log/indexing-diagnostic/project.15375f63/diagnostic-2022-08-26-13-11-35.174.html: Use JsonReader.setLenient(true) to accept malformed JSON at line 1 column 1 path $
[2022-08-26 13:21:43,013]  TRACE - ore.CodeInspectionMOReaderImpl:153 - Problem was occurred till read Problem file /data/results/log/indexing-diagnostic/project.15375f63/diagnostic-2022-08-26-13-11-35.174.json: Expected BEGIN_ARRAY but was BEGIN_OBJECT at line 2 column 16 path $.appInfo
[2022-08-26 13:21:43,016]  TRACE - ore.CodeInspectionMOReaderImpl:175 - Problem was occurred till read targets Problem file /data/results/log/indexing-diagnostic/project.15375f63/diagnostic-2022-08-26-13-11-35.174.json: Failed call validation for DescriptionProblemClass
[2022-08-26 13:21:43,019]  TRACE - ore.CodeInspectionMOReaderImpl:202 - Problem was occurred till read Duplicate file /data/results/log/indexing-diagnostic/project.15375f63/diagnostic-2022-08-26-13-11-35.174.json: Expected BEGIN_ARRAY but was BEGIN_OBJECT at line 2 column 16 path $.appInfo
[2022-08-26 13:21:43,021]  TRACE - ore.CodeInspectionMOReaderImpl:226 - Problem was occurred till read Taint file /data/results/log/indexing-diagnostic/project.15375f63/diagnostic-2022-08-26-13-11-35.174.json: Expected BEGIN_ARRAY but was BEGIN_OBJECT at line 2 column 16 path $.appInfo
[2022-08-26 13:21:43,024]  TRACE - ore.CodeInspectionMOReaderImpl:153 - Problem was occurred till read Problem file /data/results/log/indexing-diagnostic/project.15375f63/diagnostic-2022-08-26-13-11-41.176.html: Use JsonReader.setLenient(true) to accept malformed JSON at line 1 column 1 path $
[2022-08-26 13:21:43,027]  TRACE - ore.CodeInspectionMOReaderImpl:153 - Problem was occurred till read Problem file /data/results/log/indexing-diagnostic/project.15375f63/diagnostic-2022-08-26-13-11-41.176.json: Expected BEGIN_ARRAY but was BEGIN_OBJECT at line 2 column 16 path $.appInfo
[2022-08-26 13:21:43,029]  TRACE - ore.CodeInspectionMOReaderImpl:175 - Problem was occurred till read targets Problem file /data/results/log/indexing-diagnostic/project.15375f63/diagnostic-2022-08-26-13-11-41.176.json: Failed call validation for DescriptionProblemClass
[2022-08-26 13:21:43,032]  TRACE - ore.CodeInspectionMOReaderImpl:202 - Problem was occurred till read Duplicate file /data/results/log/indexing-diagnostic/project.15375f63/diagnostic-2022-08-26-13-11-41.176.json: Expected BEGIN_ARRAY but was BEGIN_OBJECT at line 2 column 16 path $.appInfo
[2022-08-26 13:21:43,034]  TRACE - ore.CodeInspectionMOReaderImpl:226 - Problem was occurred till read Taint file /data/results/log/indexing-diagnostic/project.15375f63/diagnostic-2022-08-26-13-11-41.176.json: Expected BEGIN_ARRAY but was BEGIN_OBJECT at line 2 column 16 path $.appInfo
[2022-08-26 13:21:43,036]  TRACE - ore.CodeInspectionMOReaderImpl:153 - Problem was occurred till read Problem file /data/results/log/indexing-diagnostic/project.15375f63/diagnostic-2022-08-26-13-11-43.572.html: Use JsonReader.setLenient(true) to accept malformed JSON at line 1 column 1 path $
[2022-08-26 13:21:43,039]  TRACE - ore.CodeInspectionMOReaderImpl:153 - Problem was occurred till read Problem file /data/results/log/indexing-diagnostic/project.15375f63/diagnostic-2022-08-26-13-11-43.572.json: Expected BEGIN_ARRAY but was BEGIN_OBJECT at line 2 column 16 path $.appInfo
[2022-08-26 13:21:43,041]  TRACE - ore.CodeInspectionMOReaderImpl:175 - Problem was occurred till read targets Problem file /data/results/log/indexing-diagnostic/project.15375f63/diagnostic-2022-08-26-13-11-43.572.json: Failed call validation for DescriptionProblemClass
[2022-08-26 13:21:43,043]  TRACE - ore.CodeInspectionMOReaderImpl:202 - Problem was occurred till read Duplicate file /data/results/log/indexing-diagnostic/project.15375f63/diagnostic-2022-08-26-13-11-43.572.json: Expected BEGIN_ARRAY but was BEGIN_OBJECT at line 2 column 16 path $.appInfo
[2022-08-26 13:21:43,046]  TRACE - ore.CodeInspectionMOReaderImpl:226 - Problem was occurred till read Taint file /data/results/log/indexing-diagnostic/project.15375f63/diagnostic-2022-08-26-13-11-43.572.json: Expected BEGIN_ARRAY but was BEGIN_OBJECT at line 2 column 16 path $.appInfo
[2022-08-26 13:21:43,048]  TRACE - ore.CodeInspectionMOReaderImpl:153 - Problem was occurred till read Problem file /data/results/log/indexing-diagnostic/project.15375f63/diagnostic-2022-08-26-13-18-18.872.html: Use JsonReader.setLenient(true) to accept malformed JSON at line 1 column 1 path $
[2022-08-26 13:21:43,052]  TRACE - ore.CodeInspectionMOReaderImpl:153 - Problem was occurred till read Problem file /data/results/log/indexing-diagnostic/project.15375f63/diagnostic-2022-08-26-13-18-18.872.json: Expected BEGIN_ARRAY but was BEGIN_OBJECT at line 2 column 16 path $.appInfo
[2022-08-26 13:21:43,056]  TRACE - ore.CodeInspectionMOReaderImpl:175 - Problem was occurred till read targets Problem file /data/results/log/indexing-diagnostic/project.15375f63/diagnostic-2022-08-26-13-18-18.872.json: Failed call validation for DescriptionProblemClass
[2022-08-26 13:21:43,058]  TRACE - ore.CodeInspectionMOReaderImpl:202 - Problem was occurred till read Duplicate file /data/results/log/indexing-diagnostic/project.15375f63/diagnostic-2022-08-26-13-18-18.872.json: Expected BEGIN_ARRAY but was BEGIN_OBJECT at line 2 column 16 path $.appInfo
[2022-08-26 13:21:43,061]  TRACE - ore.CodeInspectionMOReaderImpl:226 - Problem was occurred till read Taint file /data/results/log/indexing-diagnostic/project.15375f63/diagnostic-2022-08-26-13-18-18.872.json: Expected BEGIN_ARRAY but was BEGIN_OBJECT at line 2 column 16 path $.appInfo
[2022-08-26 13:21:43,065]  TRACE - ore.CodeInspectionMOReaderImpl:153 - Problem was occurred till read Problem file /data/results/log/indexing-diagnostic/project.15375f63/diagnostic-2022-08-26-13-18-26.192.html: Use JsonReader.setLenient(true) to accept malformed JSON at line 1 column 1 path $
[2022-08-26 13:21:43,069]  TRACE - ore.CodeInspectionMOReaderImpl:153 - Problem was occurred till read Problem file /data/results/log/indexing-diagnostic/project.15375f63/diagnostic-2022-08-26-13-18-26.192.json: Expected BEGIN_ARRAY but was BEGIN_OBJECT at line 2 column 16 path $.appInfo
[2022-08-26 13:21:43,071]  TRACE - ore.CodeInspectionMOReaderImpl:175 - Problem was occurred till read targets Problem file /data/results/log/indexing-diagnostic/project.15375f63/diagnostic-2022-08-26-13-18-26.192.json: Failed call validation for DescriptionProblemClass
[2022-08-26 13:21:43,073]  TRACE - ore.CodeInspectionMOReaderImpl:202 - Problem was occurred till read Duplicate file /data/results/log/indexing-diagnostic/project.15375f63/diagnostic-2022-08-26-13-18-26.192.json: Expected BEGIN_ARRAY but was BEGIN_OBJECT at line 2 column 16 path $.appInfo
[2022-08-26 13:21:43,075]  TRACE - ore.CodeInspectionMOReaderImpl:226 - Problem was occurred till read Taint file /data/results/log/indexing-diagnostic/project.15375f63/diagnostic-2022-08-26-13-18-26.192.json: Expected BEGIN_ARRAY but was BEGIN_OBJECT at line 2 column 16 path $.appInfo
[2022-08-26 13:21:43,078]  TRACE - ore.CodeInspectionMOReaderImpl:153 - Problem was occurred till read Problem file /data/results/log/indexing-diagnostic/project.15375f63/diagnostic-2022-08-26-13-21-20.564.html: Use JsonReader.setLenient(true) to accept malformed JSON at line 1 column 1 path $
[2022-08-26 13:21:43,083]  TRACE - ore.CodeInspectionMOReaderImpl:153 - Problem was occurred till read Problem file /data/results/log/indexing-diagnostic/project.15375f63/diagnostic-2022-08-26-13-21-20.564.json: Expected BEGIN_ARRAY but was BEGIN_OBJECT at line 2 column 16 path $.appInfo
[2022-08-26 13:21:43,088]  TRACE - ore.CodeInspectionMOReaderImpl:175 - Problem was occurred till read targets Problem file /data/results/log/indexing-diagnostic/project.15375f63/diagnostic-2022-08-26-13-21-20.564.json: Failed call validation for DescriptionProblemClass
[2022-08-26 13:21:43,090]  TRACE - ore.CodeInspectionMOReaderImpl:202 - Problem was occurred till read Duplicate file /data/results/log/indexing-diagnostic/project.15375f63/diagnostic-2022-08-26-13-21-20.564.json: Expected BEGIN_ARRAY but was BEGIN_OBJECT at line 2 column 16 path $.appInfo
[2022-08-26 13:21:43,092]  TRACE - ore.CodeInspectionMOReaderImpl:226 - Problem was occurred till read Taint file /data/results/log/indexing-diagnostic/project.15375f63/diagnostic-2022-08-26-13-21-20.564.json: Expected BEGIN_ARRAY but was BEGIN_OBJECT at line 2 column 16 path $.appInfo
[2022-08-26 13:21:43,095]  TRACE - ore.CodeInspectionMOReaderImpl:153 - Problem was occurred till read Problem file /data/results/log/indexing-diagnostic/project.15375f63/diagnostic-2022-08-26-13-21-26.274.html: Use JsonReader.setLenient(true) to accept malformed JSON at line 1 column 1 path $
[2022-08-26 13:21:43,100]  TRACE - ore.CodeInspectionMOReaderImpl:153 - Problem was occurred till read Problem file /data/results/log/indexing-diagnostic/project.15375f63/diagnostic-2022-08-26-13-21-26.274.json: Expected BEGIN_ARRAY but was BEGIN_OBJECT at line 2 column 16 path $.appInfo
[2022-08-26 13:21:43,105]  TRACE - ore.CodeInspectionMOReaderImpl:175 - Problem was occurred till read targets Problem file /data/results/log/indexing-diagnostic/project.15375f63/diagnostic-2022-08-26-13-21-26.274.json: Failed call validation for DescriptionProblemClass
[2022-08-26 13:21:43,107]  TRACE - ore.CodeInspectionMOReaderImpl:202 - Problem was occurred till read Duplicate file /data/results/log/indexing-diagnostic/project.15375f63/diagnostic-2022-08-26-13-21-26.274.json: Expected BEGIN_ARRAY but was BEGIN_OBJECT at line 2 column 16 path $.appInfo
[2022-08-26 13:21:43,109]  TRACE - ore.CodeInspectionMOReaderImpl:226 - Problem was occurred till read Taint file /data/results/log/indexing-diagnostic/project.15375f63/diagnostic-2022-08-26-13-21-26.274.json: Expected BEGIN_ARRAY but was BEGIN_OBJECT at line 2 column 16 path $.appInfo
[2022-08-26 13:21:43,111]  TRACE - ore.CodeInspectionMOReaderImpl:153 - Problem was occurred till read Problem file /data/results/log/indexing-diagnostic/project.15375f63/diagnostic-2022-08-26-13-21-28.958.html: Use JsonReader.setLenient(true) to accept malformed JSON at line 1 column 1 path $
[2022-08-26 13:21:43,115]  TRACE - ore.CodeInspectionMOReaderImpl:153 - Problem was occurred till read Problem file /data/results/log/indexing-diagnostic/project.15375f63/diagnostic-2022-08-26-13-21-28.958.json: Expected BEGIN_ARRAY but was BEGIN_OBJECT at line 2 column 16 path $.appInfo
[2022-08-26 13:21:43,117]  TRACE - ore.CodeInspectionMOReaderImpl:175 - Problem was occurred till read targets Problem file /data/results/log/indexing-diagnostic/project.15375f63/diagnostic-2022-08-26-13-21-28.958.json: Failed call validation for DescriptionProblemClass
[2022-08-26 13:21:43,119]  TRACE - ore.CodeInspectionMOReaderImpl:202 - Problem was occurred till read Duplicate file /data/results/log/indexing-diagnostic/project.15375f63/diagnostic-2022-08-26-13-21-28.958.json: Expected BEGIN_ARRAY but was BEGIN_OBJECT at line 2 column 16 path $.appInfo
[2022-08-26 13:21:43,121]  TRACE - ore.CodeInspectionMOReaderImpl:226 - Problem was occurred till read Taint file /data/results/log/indexing-diagnostic/project.15375f63/diagnostic-2022-08-26-13-21-28.958.json: Expected BEGIN_ARRAY but was BEGIN_OBJECT at line 2 column 16 path $.appInfo
[2022-08-26 13:21:43,124]  TRACE - ore.CodeInspectionMOReaderImpl:153 - Problem was occurred till read Problem file /data/results/log/indexing-diagnostic/project.15375f63/report.html: Use JsonReader.setLenient(true) to accept malformed JSON at line 1 column 1 path $
[2022-08-26 13:21:43,128]  TRACE - ore.CodeInspectionMOReaderImpl:153 - Problem was occurred till read Problem file /data/results/log/indexing-diagnostic/storage-diagnostic-on-shutdown-2022-08-26-12-38-09.045.json: Expected BEGIN_ARRAY but was BEGIN_OBJECT at line 2 column 23 path $.pageCacheStats
[2022-08-26 13:21:43,131]  TRACE - ore.CodeInspectionMOReaderImpl:175 - Problem was occurred till read targets Problem file /data/results/log/indexing-diagnostic/storage-diagnostic-on-shutdown-2022-08-26-12-38-09.045.json: Failed call validation for DescriptionProblemClass
[2022-08-26 13:21:43,133]  TRACE - ore.CodeInspectionMOReaderImpl:202 - Problem was occurred till read Duplicate file /data/results/log/indexing-diagnostic/storage-diagnostic-on-shutdown-2022-08-26-12-38-09.045.json: Expected BEGIN_ARRAY but was BEGIN_OBJECT at line 2 column 23 path $.pageCacheStats
[2022-08-26 13:21:43,135]  TRACE - ore.CodeInspectionMOReaderImpl:226 - Problem was occurred till read Taint file /data/results/log/indexing-diagnostic/storage-diagnostic-on-shutdown-2022-08-26-12-38-09.045.json: Expected BEGIN_ARRAY but was BEGIN_OBJECT at line 2 column 23 path $.pageCacheStats
[2022-08-26 13:21:43,137]  TRACE - ore.CodeInspectionMOReaderImpl:153 - Problem was occurred till read Problem file /data/results/log/indexing-diagnostic/storage-diagnostic-on-shutdown-2022-08-26-12-39-20.266.json: Expected BEGIN_ARRAY but was BEGIN_OBJECT at line 2 column 23 path $.pageCacheStats
[2022-08-26 13:21:43,140]  TRACE - ore.CodeInspectionMOReaderImpl:175 - Problem was occurred till read targets Problem file /data/results/log/indexing-diagnostic/storage-diagnostic-on-shutdown-2022-08-26-12-39-20.266.json: Failed call validation for DescriptionProblemClass
[2022-08-26 13:21:43,142]  TRACE - ore.CodeInspectionMOReaderImpl:202 - Problem was occurred till read Duplicate file /data/results/log/indexing-diagnostic/storage-diagnostic-on-shutdown-2022-08-26-12-39-20.266.json: Expected BEGIN_ARRAY but was BEGIN_OBJECT at line 2 column 23 path $.pageCacheStats
[2022-08-26 13:21:43,144]  TRACE - ore.CodeInspectionMOReaderImpl:226 - Problem was occurred till read Taint file /data/results/log/indexing-diagnostic/storage-diagnostic-on-shutdown-2022-08-26-12-39-20.266.json: Expected BEGIN_ARRAY but was BEGIN_OBJECT at line 2 column 23 path $.pageCacheStats
[2022-08-26 13:21:43,147]  TRACE - ore.CodeInspectionMOReaderImpl:153 - Problem was occurred till read Problem file /data/results/log/indexing-diagnostic/storage-diagnostic-on-shutdown-2022-08-26-12-44-20.108.json: Expected BEGIN_ARRAY but was BEGIN_OBJECT at line 2 column 23 path $.pageCacheStats
[2022-08-26 13:21:43,149]  TRACE - ore.CodeInspectionMOReaderImpl:175 - Problem was occurred till read targets Problem file /data/results/log/indexing-diagnostic/storage-diagnostic-on-shutdown-2022-08-26-12-44-20.108.json: Failed call validation for DescriptionProblemClass
[2022-08-26 13:21:43,151]  TRACE - ore.CodeInspectionMOReaderImpl:202 - Problem was occurred till read Duplicate file /data/results/log/indexing-diagnostic/storage-diagnostic-on-shutdown-2022-08-26-12-44-20.108.json: Expected BEGIN_ARRAY but was BEGIN_OBJECT at line 2 column 23 path $.pageCacheStats
[2022-08-26 13:21:43,154]  TRACE - ore.CodeInspectionMOReaderImpl:226 - Problem was occurred till read Taint file /data/results/log/indexing-diagnostic/storage-diagnostic-on-shutdown-2022-08-26-12-44-20.108.json: Expected BEGIN_ARRAY but was BEGIN_OBJECT at line 2 column 23 path $.pageCacheStats
[2022-08-26 13:21:43,156]  TRACE - ore.CodeInspectionMOReaderImpl:153 - Problem was occurred till read Problem file /data/results/log/indexing-diagnostic/storage-diagnostic-on-shutdown-2022-08-26-12-44-34.929.json: Expected BEGIN_ARRAY but was BEGIN_OBJECT at line 2 column 23 path $.pageCacheStats
[2022-08-26 13:21:43,158]  TRACE - ore.CodeInspectionMOReaderImpl:175 - Problem was occurred till read targets Problem file /data/results/log/indexing-diagnostic/storage-diagnostic-on-shutdown-2022-08-26-12-44-34.929.json: Failed call validation for DescriptionProblemClass
[2022-08-26 13:21:43,160]  TRACE - ore.CodeInspectionMOReaderImpl:202 - Problem was occurred till read Duplicate file /data/results/log/indexing-diagnostic/storage-diagnostic-on-shutdown-2022-08-26-12-44-34.929.json: Expected BEGIN_ARRAY but was BEGIN_OBJECT at line 2 column 23 path $.pageCacheStats
[2022-08-26 13:21:43,162]  TRACE - ore.CodeInspectionMOReaderImpl:226 - Problem was occurred till read Taint file /data/results/log/indexing-diagnostic/storage-diagnostic-on-shutdown-2022-08-26-12-44-34.929.json: Expected BEGIN_ARRAY but was BEGIN_OBJECT at line 2 column 23 path $.pageCacheStats
[2022-08-26 13:21:43,164]  TRACE - ore.CodeInspectionMOReaderImpl:153 - Problem was occurred till read Problem file /data/results/log/indexing-diagnostic/storage-diagnostic-on-shutdown-2022-08-26-12-48-19.004.json: Expected BEGIN_ARRAY but was BEGIN_OBJECT at line 2 column 23 path $.pageCacheStats
[2022-08-26 13:21:43,166]  TRACE - ore.CodeInspectionMOReaderImpl:175 - Problem was occurred till read targets Problem file /data/results/log/indexing-diagnostic/storage-diagnostic-on-shutdown-2022-08-26-12-48-19.004.json: Failed call validation for DescriptionProblemClass
[2022-08-26 13:21:43,168]  TRACE - ore.CodeInspectionMOReaderImpl:202 - Problem was occurred till read Duplicate file /data/results/log/indexing-diagnostic/storage-diagnostic-on-shutdown-2022-08-26-12-48-19.004.json: Expected BEGIN_ARRAY but was BEGIN_OBJECT at line 2 column 23 path $.pageCacheStats
[2022-08-26 13:21:43,171]  TRACE - ore.CodeInspectionMOReaderImpl:226 - Problem was occurred till read Taint file /data/results/log/indexing-diagnostic/storage-diagnostic-on-shutdown-2022-08-26-12-48-19.004.json: Expected BEGIN_ARRAY but was BEGIN_OBJECT at line 2 column 23 path $.pageCacheStats
[2022-08-26 13:21:43,173]  TRACE - ore.CodeInspectionMOReaderImpl:153 - Problem was occurred till read Problem file /data/results/log/indexing-diagnostic/storage-diagnostic-on-shutdown-2022-08-26-12-57-18.871.json: Expected BEGIN_ARRAY but was BEGIN_OBJECT at line 2 column 23 path $.pageCacheStats
[2022-08-26 13:21:43,176]  TRACE - ore.CodeInspectionMOReaderImpl:175 - Problem was occurred till read targets Problem file /data/results/log/indexing-diagnostic/storage-diagnostic-on-shutdown-2022-08-26-12-57-18.871.json: Failed call validation for DescriptionProblemClass
[2022-08-26 13:21:43,178]  TRACE - ore.CodeInspectionMOReaderImpl:202 - Problem was occurred till read Duplicate file /data/results/log/indexing-diagnostic/storage-diagnostic-on-shutdown-2022-08-26-12-57-18.871.json: Expected BEGIN_ARRAY but was BEGIN_OBJECT at line 2 column 23 path $.pageCacheStats
[2022-08-26 13:21:43,180]  TRACE - ore.CodeInspectionMOReaderImpl:226 - Problem was occurred till read Taint file /data/results/log/indexing-diagnostic/storage-diagnostic-on-shutdown-2022-08-26-12-57-18.871.json: Expected BEGIN_ARRAY but was BEGIN_OBJECT at line 2 column 23 path $.pageCacheStats
[2022-08-26 13:21:43,182]  TRACE - ore.CodeInspectionMOReaderImpl:153 - Problem was occurred till read Problem file /data/results/log/indexing-diagnostic/storage-diagnostic-on-shutdown-2022-08-26-13-08-05.607.json: Expected BEGIN_ARRAY but was BEGIN_OBJECT at line 2 column 23 path $.pageCacheStats
[2022-08-26 13:21:43,184]  TRACE - ore.CodeInspectionMOReaderImpl:175 - Problem was occurred till read targets Problem file /data/results/log/indexing-diagnostic/storage-diagnostic-on-shutdown-2022-08-26-13-08-05.607.json: Failed call validation for DescriptionProblemClass
[2022-08-26 13:21:43,187]  TRACE - ore.CodeInspectionMOReaderImpl:202 - Problem was occurred till read Duplicate file /data/results/log/indexing-diagnostic/storage-diagnostic-on-shutdown-2022-08-26-13-08-05.607.json: Expected BEGIN_ARRAY but was BEGIN_OBJECT at line 2 column 23 path $.pageCacheStats
[2022-08-26 13:21:43,189]  TRACE - ore.CodeInspectionMOReaderImpl:226 - Problem was occurred till read Taint file /data/results/log/indexing-diagnostic/storage-diagnostic-on-shutdown-2022-08-26-13-08-05.607.json: Expected BEGIN_ARRAY but was BEGIN_OBJECT at line 2 column 23 path $.pageCacheStats
[2022-08-26 13:21:43,193]  TRACE - ore.CodeInspectionMOReaderImpl:153 - Problem was occurred till read Problem file /data/results/log/indexing-diagnostic/storage-diagnostic-on-shutdown-2022-08-26-13-17-51.688.json: Expected BEGIN_ARRAY but was BEGIN_OBJECT at line 2 column 23 path $.pageCacheStats
[2022-08-26 13:21:43,195]  TRACE - ore.CodeInspectionMOReaderImpl:175 - Problem was occurred till read targets Problem file /data/results/log/indexing-diagnostic/storage-diagnostic-on-shutdown-2022-08-26-13-17-51.688.json: Failed call validation for DescriptionProblemClass
[2022-08-26 13:21:43,197]  TRACE - ore.CodeInspectionMOReaderImpl:202 - Problem was occurred till read Duplicate file /data/results/log/indexing-diagnostic/storage-diagnostic-on-shutdown-2022-08-26-13-17-51.688.json: Expected BEGIN_ARRAY but was BEGIN_OBJECT at line 2 column 23 path $.pageCacheStats
[2022-08-26 13:21:43,200]  TRACE - ore.CodeInspectionMOReaderImpl:226 - Problem was occurred till read Taint file /data/results/log/indexing-diagnostic/storage-diagnostic-on-shutdown-2022-08-26-13-17-51.688.json: Expected BEGIN_ARRAY but was BEGIN_OBJECT at line 2 column 23 path $.pageCacheStats
[2022-08-26 13:21:43,205]  TRACE - ore.CodeInspectionMOReaderImpl:153 - Problem was occurred till read Problem file /data/results/log/main.profile.xml: Use JsonReader.setLenient(true) to accept malformed JSON at line 1 column 1 path $
[2022-08-26 13:21:43,213]  TRACE - ore.CodeInspectionMOReaderImpl:153 - Problem was occurred till read Problem file /data/results/log/qodana.yaml: Use JsonReader.setLenient(true) to accept malformed JSON at line 1 column 1 path $
[2022-08-26 13:21:43,220]  TRACE - ore.CodeInspectionMOReaderImpl:153 - Problem was occurred till read Problem file /data/results/log/qodana_directories_inspection_groups.csv: Use JsonReader.setLenient(true) to accept malformed JSON at line 1 column 1 path $
[2022-08-26 13:21:43,227]  TRACE - ore.CodeInspectionMOReaderImpl:153 - Problem was occurred till read Problem file /data/results/log/qodana_inspections_summary.csv: Use JsonReader.setLenient(true) to accept malformed JSON at line 1 column 1 path $
[2022-08-26 13:21:43,234]  TRACE - ore.CodeInspectionMOReaderImpl:153 - Problem was occurred till read Problem file /data/results/log/sanity.profile.xml: Use JsonReader.setLenient(true) to accept malformed JSON at line 1 column 1 path $
[2022-08-26 13:21:43,241]  TRACE - ore.CodeInspectionMOReaderImpl:153 - Problem was occurred till read Problem file /data/results/projectStructure/Gradle.json: Expected BEGIN_ARRAY but was STRING at line 2 column 17 path $.gradleJvm
[2022-08-26 13:21:43,244]  TRACE - ore.CodeInspectionMOReaderImpl:175 - Problem was occurred till read targets Problem file /data/results/projectStructure/Gradle.json: Failed call validation for DescriptionProblemClass
[2022-08-26 13:21:43,246]  TRACE - ore.CodeInspectionMOReaderImpl:202 - Problem was occurred till read Duplicate file /data/results/projectStructure/Gradle.json: Expected BEGIN_ARRAY but was STRING at line 2 column 17 path $.gradleJvm
[2022-08-26 13:21:43,248]  TRACE - ore.CodeInspectionMOReaderImpl:226 - Problem was occurred till read Taint file /data/results/projectStructure/Gradle.json: Expected BEGIN_ARRAY but was STRING at line 2 column 17 path $.gradleJvm
[2022-08-26 13:21:43,251]  TRACE - ore.CodeInspectionMOReaderImpl:153 - Problem was occurred till read Problem file /data/results/projectStructure/Java.json: Failed call validation for DescriptionProblemClass
[2022-08-26 13:21:43,253]  TRACE - ore.CodeInspectionMOReaderImpl:175 - Problem was occurred till read targets Problem file /data/results/projectStructure/Java.json: Failed call validation for DescriptionProblemClass
[2022-08-26 13:21:43,255]  TRACE - ore.CodeInspectionMOReaderImpl:202 - Problem was occurred till read Duplicate file /data/results/projectStructure/Java.json: Expected END_ARRAY but was BEGIN_OBJECT at line 3 column 6 path $.modules[0]
[2022-08-26 13:21:43,258]  TRACE - ore.CodeInspectionMOReaderImpl:226 - Problem was occurred till read Taint file /data/results/projectStructure/Java.json: Failed call validation for TaintProblem
[2022-08-26 13:21:43,262]  TRACE - ore.CodeInspectionMOReaderImpl:153 - Problem was occurred till read Problem file /data/results/projectStructure/Libraries.json: Failed call validation for DescriptionProblemClass
[2022-08-26 13:21:43,263]  TRACE - ore.CodeInspectionMOReaderImpl:175 - Problem was occurred till read targets Problem file /data/results/projectStructure/Libraries.json: Failed call validation for DescriptionProblemClass
[2022-08-26 13:21:43,265]  TRACE - ore.CodeInspectionMOReaderImpl:202 - Problem was occurred till read Duplicate file /data/results/projectStructure/Libraries.json: Expected END_ARRAY but was BEGIN_OBJECT at line 3 column 6 path $.libraries[0]
[2022-08-26 13:21:43,266]  TRACE - ore.CodeInspectionMOReaderImpl:226 - Problem was occurred till read Taint file /data/results/projectStructure/Libraries.json: Failed call validation for TaintProblem
[2022-08-26 13:21:43,273]  TRACE - ore.CodeInspectionMOReaderImpl:153 - Problem was occurred till read Problem file /data/results/projectStructure/Modules.json: Failed call validation for DescriptionProblemClass
[2022-08-26 13:21:43,275]  TRACE - ore.CodeInspectionMOReaderImpl:175 - Problem was occurred till read targets Problem file /data/results/projectStructure/Modules.json: Failed call validation for DescriptionProblemClass
[2022-08-26 13:21:43,277]  TRACE - ore.CodeInspectionMOReaderImpl:202 - Problem was occurred till read Duplicate file /data/results/projectStructure/Modules.json: Expected END_ARRAY but was BEGIN_OBJECT at line 3 column 6 path $.modules[0]
[2022-08-26 13:21:43,279]  TRACE - ore.CodeInspectionMOReaderImpl:226 - Problem was occurred till read Taint file /data/results/projectStructure/Modules.json: Failed call validation for TaintProblem
[2022-08-26 13:21:43,282]  TRACE - ore.CodeInspectionMOReaderImpl:153 - Problem was occurred till read Problem file /data/results/projectStructure/ProjectFingerprint.json: Expected END_ARRAY but was STRING at line 3 column 6 path $.languages[0]
[2022-08-26 13:21:43,284]  TRACE - ore.CodeInspectionMOReaderImpl:175 - Problem was occurred till read targets Problem file /data/results/projectStructure/ProjectFingerprint.json: Failed call validation for DescriptionProblemClass
[2022-08-26 13:21:43,285]  TRACE - ore.CodeInspectionMOReaderImpl:202 - Problem was occurred till read Duplicate file /data/results/projectStructure/ProjectFingerprint.json: Expected END_ARRAY but was STRING at line 3 column 6 path $.languages[0]
[2022-08-26 13:21:43,286]  TRACE - ore.CodeInspectionMOReaderImpl:226 - Problem was occurred till read Taint file /data/results/projectStructure/ProjectFingerprint.json: Expected END_ARRAY but was STRING at line 3 column 6 path $.languages[0]
[2022-08-26 13:21:43,289]  TRACE - ore.CodeInspectionMOReaderImpl:153 - Problem was occurred till read Problem file /data/results/projectStructure/SDKs.json: Failed call validation for DescriptionProblemClass
[2022-08-26 13:21:43,290]  TRACE - ore.CodeInspectionMOReaderImpl:175 - Problem was occurred till read targets Problem file /data/results/projectStructure/SDKs.json: Failed call validation for DescriptionProblemClass
[2022-08-26 13:21:43,291]  TRACE - ore.CodeInspectionMOReaderImpl:202 - Problem was occurred till read Duplicate file /data/results/projectStructure/SDKs.json: Expected END_ARRAY but was BEGIN_OBJECT at line 3 column 6 path $.sdks[0]
[2022-08-26 13:21:43,293]  TRACE - ore.CodeInspectionMOReaderImpl:226 - Problem was occurred till read Taint file /data/results/projectStructure/SDKs.json: Failed call validation for TaintProblem
[2022-08-26 13:21:43,295]  TRACE - ore.CodeInspectionMOReaderImpl:153 - Problem was occurred till read Problem file /data/results/projectStructure/licenseRules.json: Expected BEGIN_OBJECT but was BEGIN_ARRAY at line 1 column 2 path $
[2022-08-26 13:21:43,298]  TRACE - ore.CodeInspectionMOReaderImpl:153 - Problem was occurred till read Problem file /data/results/projectStructure/projectMetadata.json: Expected BEGIN_ARRAY but was STRING at line 2 column 15 path $.version
[2022-08-26 13:21:43,303]  TRACE - ore.CodeInspectionMOReaderImpl:175 - Problem was occurred till read targets Problem file /data/results/projectStructure/projectMetadata.json: Failed call validation for DescriptionProblemClass
[2022-08-26 13:21:43,305]  TRACE - ore.CodeInspectionMOReaderImpl:202 - Problem was occurred till read Duplicate file /data/results/projectStructure/projectMetadata.json: Expected BEGIN_ARRAY but was STRING at line 2 column 15 path $.version
[2022-08-26 13:21:43,307]  TRACE - ore.CodeInspectionMOReaderImpl:226 - Problem was occurred till read Taint file /data/results/projectStructure/projectMetadata.json: Expected BEGIN_ARRAY but was STRING at line 2 column 15 path $.version
[2022-08-26 13:21:43,310]  TRACE - ore.CodeInspectionMOReaderImpl:153 - Problem was occurred till read Problem file /data/results/projectStructure/third-party-libraries.json: Expected BEGIN_OBJECT but was BEGIN_ARRAY at line 1 column 2 path $
[2022-08-26 13:21:43,315]  TRACE - ore.CodeInspectionMOReaderImpl:153 - Problem was occurred till read Problem file /data/results/projectStructure/thirdPartySoftwareList.csv: Expected BEGIN_OBJECT but was STRING at line 1 column 2 path $
[2022-08-26 13:21:43,321]  TRACE - ore.CodeInspectionMOReaderImpl:153 - Problem was occurred till read Problem file /data/results/projectStructure/thirdPartySoftwareList.html: Use JsonReader.setLenient(true) to accept malformed JSON at line 1 column 1 path $
[2022-08-26 13:21:43,329]  TRACE - ore.CodeInspectionMOReaderImpl:153 - Problem was occurred till read Problem file /data/results/projectStructure/thirdPartySoftwareList.json: Expected BEGIN_OBJECT but was BEGIN_ARRAY at line 1 column 2 path $
[2022-08-26 13:21:43,334]  TRACE - ore.CodeInspectionMOReaderImpl:153 - Problem was occurred till read Problem file /data/results/projectStructure/thirdPartySoftwareList.md: Use JsonReader.setLenient(true) to accept malformed JSON at line 1 column 2 path $
[2022-08-26 13:21:43,338]  TRACE - ore.CodeInspectionMOReaderImpl:153 - Problem was occurred till read Problem file /data/results/projectStructure/thirdPartySoftwareList.xml: Use JsonReader.setLenient(true) to accept malformed JSON at line 1 column 1 path $
[2022-08-26 13:21:43,340]  TRACE - ore.CodeInspectionMOReaderImpl:153 - Problem was occurred till read Problem file /data/results/qodana-short.sarif.json: Expected BEGIN_ARRAY but was STRING at line 2 column 15 path $.$schema
[2022-08-26 13:21:43,342]  TRACE - ore.CodeInspectionMOReaderImpl:175 - Problem was occurred till read targets Problem file /data/results/qodana-short.sarif.json: Failed call validation for DescriptionProblemClass
[2022-08-26 13:21:43,344]  TRACE - ore.CodeInspectionMOReaderImpl:202 - Problem was occurred till read Duplicate file /data/results/qodana-short.sarif.json: Expected BEGIN_ARRAY but was STRING at line 2 column 15 path $.$schema
[2022-08-26 13:21:43,346]  TRACE - ore.CodeInspectionMOReaderImpl:226 - Problem was occurred till read Taint file /data/results/qodana-short.sarif.json: Expected BEGIN_ARRAY but was STRING at line 2 column 15 path $.$schema
[2022-08-26 13:21:43,348]  TRACE - ore.CodeInspectionMOReaderImpl:153 - Problem was occurred till read Problem file /data/results/qodana.sarif.json: Expected BEGIN_ARRAY but was STRING at line 2 column 15 path $.$schema
[2022-08-26 13:21:43,426]  TRACE - ore.CodeInspectionMOReaderImpl:175 - Problem was occurred till read targets Problem file /data/results/qodana.sarif.json: Failed call validation for DescriptionProblemClass
[2022-08-26 13:21:43,428]  TRACE - ore.CodeInspectionMOReaderImpl:202 - Problem was occurred till read Duplicate file /data/results/qodana.sarif.json: Expected BEGIN_ARRAY but was STRING at line 2 column 15 path $.$schema
[2022-08-26 13:21:43,431]  TRACE - ore.CodeInspectionMOReaderImpl:226 - Problem was occurred till read Taint file /data/results/qodana.sarif.json: Expected BEGIN_ARRAY but was STRING at line 2 column 15 path $.$schema
[2022-08-26 13:21:43,433]  TRACE - ore.CodeInspectionMOReaderImpl:153 - Problem was occurred till read Problem file /data/results/report/index.html: Use JsonReader.setLenient(true) to accept malformed JSON at line 1 column 1 path $
[2022-08-26 13:21:43,436]  TRACE - ore.CodeInspectionMOReaderImpl:153 - Problem was occurred till read Problem file /data/results/report/versions/VERSION_ID/TeamCity.css: Use JsonReader.setLenient(true) to accept malformed JSON at line 1 column 2 path $
[2022-08-26 13:21:43,440]  TRACE - ore.CodeInspectionMOReaderImpl:153 - Problem was occurred till read Problem file /data/results/report/versions/VERSION_ID/css/QD-main.css: Use JsonReader.setLenient(true) to accept malformed JSON at line 1 column 1 path $
[2022-08-26 13:21:43,442]  TRACE - ore.CodeInspectionMOReaderImpl:153 - Problem was occurred till read Problem file /data/results/report/versions/VERSION_ID/css/QD-vendors.css: Use JsonReader.setLenient(true) to accept malformed JSON at line 1 column 1 path $
[2022-08-26 13:21:43,451]  TRACE - ore.CodeInspectionMOReaderImpl:153 - Problem was occurred till read Problem file /data/results/report/versions/VERSION_ID/favicon.ico: Use JsonReader.setLenient(true) to accept malformed JSON at line 1 column 1 path $
[2022-08-26 13:21:43,455]  TRACE - ore.CodeInspectionMOReaderImpl:153 - Problem was occurred till read Problem file /data/results/report/versions/VERSION_ID/js/QD-main.js: Use JsonReader.setLenient(true) to accept malformed JSON at line 1 column 1 path $
[2022-08-26 13:21:43,460]  TRACE - ore.CodeInspectionMOReaderImpl:153 - Problem was occurred till read Problem file /data/results/report/versions/VERSION_ID/js/QD-vendors.js: Use JsonReader.setLenient(true) to accept malformed JSON at line 1 column 2 path $
[2022-08-26 13:21:43,463]  TRACE - ore.CodeInspectionMOReaderImpl:153 - Problem was occurred till read Problem file /data/results/report/versions/VERSION_ID/js/QD-vendors.js.LICENSE.txt: Use JsonReader.setLenient(true) to accept malformed JSON at line 1 column 2 path $
[2022-08-26 13:21:43,466]  TRACE - ore.CodeInspectionMOReaderImpl:175 - Problem was occurred till read targets Problem file /data/results/report/versions/VERSION_ID/js/QD-vendors.js.LICENSE.txt: End of input at line 99 column 1 path $
[2022-08-26 13:21:43,468]  TRACE - ore.CodeInspectionMOReaderImpl:202 - Problem was occurred till read Duplicate file /data/results/report/versions/VERSION_ID/js/QD-vendors.js.LICENSE.txt: Use JsonReader.setLenient(true) to accept malformed JSON at line 1 column 2 path $
[2022-08-26 13:21:43,471]  TRACE - ore.CodeInspectionMOReaderImpl:226 - Problem was occurred till read Taint file /data/results/report/versions/VERSION_ID/js/QD-vendors.js.LICENSE.txt: Use JsonReader.setLenient(true) to accept malformed JSON at line 1 column 2 path $
[2022-08-26 13:21:43,473]  TRACE - ore.CodeInspectionMOReaderImpl:153 - Problem was occurred till read Problem file /data/results/report/versions/VERSION_ID/manifest.json: Expected BEGIN_ARRAY but was STRING at line 2 column 18 path $.short_name
[2022-08-26 13:21:43,475]  TRACE - ore.CodeInspectionMOReaderImpl:175 - Problem was occurred till read targets Problem file /data/results/report/versions/VERSION_ID/manifest.json: Failed call validation for DescriptionProblemClass
[2022-08-26 13:21:43,478]  TRACE - ore.CodeInspectionMOReaderImpl:202 - Problem was occurred till read Duplicate file /data/results/report/versions/VERSION_ID/manifest.json: Expected BEGIN_ARRAY but was STRING at line 2 column 18 path $.short_name
[2022-08-26 13:21:43,480]  TRACE - ore.CodeInspectionMOReaderImpl:226 - Problem was occurred till read Taint file /data/results/report/versions/VERSION_ID/manifest.json: Expected BEGIN_ARRAY but was STRING at line 2 column 18 path $.short_name
[2022-08-26 13:21:43,483]  TRACE - ore.CodeInspectionMOReaderImpl:153 - Problem was occurred till read Problem file /data/results/report/versions/VERSION_ID/media/JetBrainsMono-Bold.woff: Use JsonReader.setLenient(true) to accept malformed JSON at line 1 column 1 path $
[2022-08-26 13:21:43,488]  TRACE - ore.CodeInspectionMOReaderImpl:153 - Problem was occurred till read Problem file /data/results/report/versions/VERSION_ID/media/JetBrainsMono-Italic.woff: Use JsonReader.setLenient(true) to accept malformed JSON at line 1 column 1 path $
[2022-08-26 13:21:43,492]  TRACE - ore.CodeInspectionMOReaderImpl:153 - Problem was occurred till read Problem file /data/results/report/versions/VERSION_ID/media/JetBrainsMono-Medium.woff: Use JsonReader.setLenient(true) to accept malformed JSON at line 1 column 1 path $
[2022-08-26 13:21:43,497]  TRACE - ore.CodeInspectionMOReaderImpl:153 - Problem was occurred till read Problem file /data/results/report/versions/VERSION_ID/media/JetBrainsMono-Regular.woff: Use JsonReader.setLenient(true) to accept malformed JSON at line 1 column 1 path $
[2022-08-26 13:21:43,500]  TRACE - ore.CodeInspectionMOReaderImpl:153 - Problem was occurred till read Problem file /data/results/report/versions/VERSION_ID/media/line.svg: Use JsonReader.setLenient(true) to accept malformed JSON at line 1 column 1 path $
[2022-08-26 13:21:43,502]   INFO - ore.CodeInspectionMOReaderImpl:129 - Reading problems and description from sarif: /data/results/qodana.sarif.json
[2022-08-26 13:21:43,906]   INFO - ore.CodeInspectionMOReaderImpl:302 - Writing sarif problems
[2022-08-26 13:21:44,610]   INFO -    org.jetbrains.analysis.Main:59 - Done
